A D/BIRNDUP////
A D/LDMMViewer////
A D/MultiVolumeReader////
A D/iSlicer////
A D/vtkAG////
A D/vtkAffineSegment////
A D/vtkAnalyze////
A D/vtkBXH////
A D/vtkCISGFile////
A D/vtkCompareModule////
A D/vtkCorCTA////
A D/vtkCustomModule////
A D/vtkDTMRI////
A D/vtkEMAtlasBrainClassifier////
A D/vtkEMLocalSegment////
A D/vtkEditorGeometryDraw////
A D/vtkFMRIEngine////
A D/vtkFSLReader////
A D/vtkFastMarching////
A D/vtkFluxDiffusion////
A D/vtkFreeSurferReaders////
A D/vtkITK////
A D/vtkIbrowser////
A D/vtkImageSmooth////
A D/vtkLaurenThesis////
A D/vtkLevelSets////
A D/vtkMIRIADSegment////
A D/vtkMIReg////
A D/vtkMRAblation////
A D/vtkMRProstateCare////
A D/vtkModelInteraction////
A D/vtkMorphometrics////
A D/vtkMutualInformationRegistration////
A D/vtkNeuroendoscopy////
A D/vtkNormalize////
A D/vtkQueryAtlas////
A D/vtkRealignResample////
A D/vtkRigidIntensityRegistration////
A D/vtkRuleBasedSegmentation////
A D/vtkSiemensMosaicReader////
A D/vtkSlicer3////
A D/vtkSlicerThree////
A D/vtkSubVolume////
A D/vtkTeem////
A D/vtkTensorUtil////
A D/vtkTransformVolume////
A D/vtkVolumeTextureMapping////
